This is the Google Pub/Sub fake.
Implementation may be incomplete or differ from the real system.
12月 04, 2021 8:07:38 下午 com.google.cloud.pubsub.testing.v1.Main main
信息: IAM integration is disabled. IAM policy methods and ACL checks are not supported
12月 04, 2021 8:07:38 下午 io.gapi.emulators.netty.NettyUtil applyJava7LongHostnameWorkaround
信息: Unable to apply Java 7 long hostname workaround.
12月 04, 2021 8:07:38 下午 com.google.cloud.pubsub.testing.v1.Main main
信息: Server started, listening on 8083
12月 04, 2021 8:07:38 下午 io.gapi.emulators.grpc.GrpcServer$3 operationComplete
信息: Adding handler(s) to newly registered Channel.
12月 04, 2021 9:10:03 下午 io.gapi.emulators.grpc.GrpcServer$3 operationComplete
信息: Adding handler(s) to newly registered Channel.
12月 04, 2021 9:10:03 下午 io.gapi.emulators.netty.HttpVersionRoutingHandler channelRead
信息: Detected HTTP/2 connection.
12月 04, 2021 9:11:35 下午 io.gapi.emulators.grpc.GrpcServer$3 operationComplete
信息: Adding handler(s) to newly registered Channel.
12月 04, 2021 9:11:35 下午 io.gapi.emulators.netty.HttpVersionRoutingHandler channelRead
信息: Detected HTTP/2 connection.
12月 04, 2021 9:34:32 下午 io.gapi.emulators.grpc.GrpcServer$3 operationComplete
信息: Adding handler(s) to newly registered Channel.
12月 04, 2021 9:34:32 下午 io.gapi.emulators.netty.HttpVersionRoutingHandler channelRead
信息: Detected HTTP/2 connection.
12月 05, 2021 12:30:41 上午 io.gapi.emulators.grpc.GrpcServer$3 operationComplete
信息: Adding handler(s) to newly registered Channel.
12月 05, 2021 12:30:41 上午 io.gapi.emulators.netty.HttpVersionRoutingHandler channelRead
信息: Detected HTTP/2 connection.
12月 05, 2021 12:39:02 上午 io.gapi.emulators.grpc.GrpcServer$3 operationComplete
信息: Adding handler(s) to newly registered Channel.
12月 05, 2021 12:39:02 上午 io.gapi.emulators.netty.HttpVersionRoutingHandler channelRead
信息: Detected HTTP/2 connection.
12月 05, 2021 12:48:22 上午 io.gapi.emulators.grpc.GrpcServer$3 operationComplete
信息: Adding handler(s) to newly registered Channel.
12月 05, 2021 12:48:22 上午 io.gapi.emulators.netty.HttpVersionRoutingHandler channelRead
信息: Detected HTTP/2 connection.
12月 05, 2021 12:49:03 上午 io.gapi.emulators.grpc.GrpcServer$3 operationComplete
信息: Adding handler(s) to newly registered Channel.
12月 05, 2021 12:49:03 上午 io.gapi.emulators.netty.HttpVersionRoutingHandler channelRead
信息: Detected HTTP/2 connection.
12月 05, 2021 12:49:22 上午 io.gapi.emulators.grpc.GrpcServer$3 operationComplete
信息: Adding handler(s) to newly registered Channel.
12月 05, 2021 12:49:22 上午 io.gapi.emulators.netty.HttpVersionRoutingHandler channelRead
信息: Detected HTTP/2 connection.
12月 05, 2021 12:51:31 上午 io.gapi.emulators.grpc.GrpcServer$3 operationComplete
信息: Adding handler(s) to newly registered Channel.
12月 05, 2021 12:51:31 上午 io.gapi.emulators.netty.HttpVersionRoutingHandler channelRead
信息: Detected HTTP/2 connection.
12月 05, 2021 1:04:17 上午 io.gapi.emulators.grpc.GrpcServer$3 operationComplete
信息: Adding handler(s) to newly registered Channel.
12月 05, 2021 1:04:17 上午 io.gapi.emulators.netty.HttpVersionRoutingHandler channelRead
信息: Detected HTTP/2 connection.
12月 05, 2021 1:06:02 上午 io.gapi.emulators.grpc.GrpcServer$3 operationComplete
信息: Adding handler(s) to newly registered Channel.
12月 05, 2021 1:06:02 上午 io.gapi.emulators.netty.HttpVersionRoutingHandler channelRead
信息: Detected HTTP/2 connection.
12月 05, 2021 1:12:08 上午 io.gapi.emulators.grpc.GrpcServer$3 operationComplete
信息: Adding handler(s) to newly registered Channel.
12月 05, 2021 1:12:08 上午 io.gapi.emulators.netty.HttpVersionRoutingHandler channelRead
信息: Detected HTTP/2 connection.
12月 05, 2021 1:14:38 上午 io.gapi.emulators.grpc.GrpcServer$3 operationComplete
信息: Adding handler(s) to newly registered Channel.
12月 05, 2021 1:14:38 上午 io.gapi.emulators.netty.HttpVersionRoutingHandler channelRead
信息: Detected HTTP/2 connection.
12月 05, 2021 1:20:57 上午 io.gapi.emulators.grpc.GrpcServer$3 operationComplete
信息: Adding handler(s) to newly registered Channel.
12月 05, 2021 1:20:57 上午 io.gapi.emulators.netty.HttpVersionRoutingHandler channelRead
信息: Detected HTTP/2 connection.
12月 05, 2021 1:26:46 上午 io.gapi.emulators.grpc.GrpcServer$3 operationComplete
信息: Adding handler(s) to newly registered Channel.
12月 05, 2021 1:26:46 上午 io.gapi.emulators.netty.HttpVersionRoutingHandler channelRead
信息: Detected HTTP/2 connection.
12月 05, 2021 1:28:43 上午 io.gapi.emulators.grpc.GrpcServer$3 operationComplete
信息: Adding handler(s) to newly registered Channel.
12月 05, 2021 1:28:43 上午 io.gapi.emulators.netty.HttpVersionRoutingHandler channelRead
信息: Detected HTTP/2 connection.
12月 05, 2021 1:34:09 上午 io.gapi.emulators.grpc.GrpcServer$3 operationComplete
信息: Adding handler(s) to newly registered Channel.
12月 05, 2021 1:34:09 上午 io.gapi.emulators.netty.HttpVersionRoutingHandler channelRead
信息: Detected HTTP/2 connection.
12月 05, 2021 1:35:55 上午 io.gapi.emulators.grpc.GrpcServer$3 operationComplete
信息: Adding handler(s) to newly registered Channel.
12月 05, 2021 1:35:55 上午 io.gapi.emulators.netty.HttpVersionRoutingHandler channelRead
信息: Detected HTTP/2 connection.
12月 05, 2021 1:41:39 上午 io.gapi.emulators.grpc.GrpcServer$3 operationComplete
信息: Adding handler(s) to newly registered Channel.
12月 05, 2021 1:41:39 上午 io.gapi.emulators.netty.HttpVersionRoutingHandler channelRead
信息: Detected HTTP/2 connection.
12月 05, 2021 1:42:51 上午 io.gapi.emulators.grpc.GrpcServer$3 operationComplete
信息: Adding handler(s) to newly registered Channel.
12月 05, 2021 1:42:51 上午 io.gapi.emulators.netty.HttpVersionRoutingHandler channelRead
信息: Detected HTTP/2 connection.
12月 05, 2021 1:43:02 上午 io.gapi.emulators.grpc.GrpcServer$3 operationComplete
信息: Adding handler(s) to newly registered Channel.
12月 05, 2021 1:43:02 上午 io.gapi.emulators.netty.HttpVersionRoutingHandler channelRead
信息: Detected HTTP/2 connection.
12月 05, 2021 1:51:59 上午 io.gapi.emulators.grpc.GrpcServer$3 operationComplete
信息: Adding handler(s) to newly registered Channel.
12月 05, 2021 1:51:59 上午 io.gapi.emulators.netty.HttpVersionRoutingHandler channelRead
信息: Detected HTTP/2 connection.
12月 05, 2021 1:52:24 上午 io.gapi.emulators.grpc.GrpcServer$3 operationComplete
信息: Adding handler(s) to newly registered Channel.
12月 05, 2021 1:52:24 上午 io.gapi.emulators.netty.HttpVersionRoutingHandler channelRead
信息: Detected HTTP/2 connection.
12月 05, 2021 1:54:08 上午 io.gapi.emulators.grpc.GrpcServer$3 operationComplete
信息: Adding handler(s) to newly registered Channel.
12月 05, 2021 1:54:08 上午 io.gapi.emulators.netty.HttpVersionRoutingHandler channelRead
信息: Detected HTTP/2 connection.
12月 05, 2021 1:54:30 上午 io.gapi.emulators.grpc.GrpcServer$3 operationComplete
信息: Adding handler(s) to newly registered Channel.
12月 05, 2021 1:54:30 上午 io.gapi.emulators.netty.HttpVersionRoutingHandler channelRead
信息: Detected HTTP/2 connection.
12月 05, 2021 1:58:33 上午 io.gapi.emulators.grpc.GrpcServer$3 operationComplete
信息: Adding handler(s) to newly registered Channel.
12月 05, 2021 1:58:33 上午 io.gapi.emulators.netty.HttpVersionRoutingHandler channelRead
信息: Detected HTTP/2 connection.
12月 05, 2021 1:59:07 上午 io.gapi.emulators.grpc.GrpcServer$3 operationComplete
信息: Adding handler(s) to newly registered Channel.
12月 05, 2021 1:59:07 上午 io.gapi.emulators.netty.HttpVersionRoutingHandler channelRead
信息: Detected HTTP/2 connection.
12月 05, 2021 2:00:29 上午 io.gapi.emulators.grpc.GrpcServer$3 operationComplete
信息: Adding handler(s) to newly registered Channel.
12月 05, 2021 2:00:29 上午 io.gapi.emulators.netty.HttpVersionRoutingHandler channelRead
信息: Detected HTTP/2 connection.
12月 05, 2021 2:00:44 上午 io.gapi.emulators.grpc.GrpcServer$3 operationComplete
信息: Adding handler(s) to newly registered Channel.
12月 05, 2021 2:00:44 上午 io.gapi.emulators.netty.HttpVersionRoutingHandler channelRead
信息: Detected HTTP/2 connection.
12月 05, 2021 2:01:45 上午 io.gapi.emulators.grpc.GrpcServer$3 operationComplete
信息: Adding handler(s) to newly registered Channel.
12月 05, 2021 2:01:45 上午 io.gapi.emulators.netty.HttpVersionRoutingHandler channelRead
信息: Detected HTTP/2 connection.
12月 05, 2021 2:02:04 上午 io.gapi.emulators.grpc.GrpcServer$3 operationComplete
信息: Adding handler(s) to newly registered Channel.
12月 05, 2021 2:02:04 上午 io.gapi.emulators.netty.HttpVersionRoutingHandler channelRead
信息: Detected HTTP/2 connection.
12月 05, 2021 2:12:31 上午 io.gapi.emulators.grpc.GrpcServer$3 operationComplete
信息: Adding handler(s) to newly registered Channel.
12月 05, 2021 2:12:31 上午 io.gapi.emulators.netty.HttpVersionRoutingHandler channelRead
信息: Detected HTTP/2 connection.
12月 05, 2021 2:12:48 上午 io.gapi.emulators.grpc.GrpcServer$3 operationComplete
信息: Adding handler(s) to newly registered Channel.
12月 05, 2021 2:12:48 上午 io.gapi.emulators.netty.HttpVersionRoutingHandler channelRead
信息: Detected HTTP/2 connection.
12月 05, 2021 2:14:06 上午 io.gapi.emulators.grpc.GrpcServer$3 operationComplete
信息: Adding handler(s) to newly registered Channel.
12月 05, 2021 2:14:06 上午 io.gapi.emulators.netty.HttpVersionRoutingHandler channelRead
信息: Detected HTTP/2 connection.
12月 05, 2021 2:14:22 上午 io.gapi.emulators.grpc.GrpcServer$3 operationComplete
信息: Adding handler(s) to newly registered Channel.
12月 05, 2021 2:14:22 上午 io.gapi.emulators.netty.HttpVersionRoutingHandler channelRead
信息: Detected HTTP/2 connection.
12月 05, 2021 2:16:53 上午 io.gapi.emulators.grpc.GrpcServer$3 operationComplete
信息: Adding handler(s) to newly registered Channel.
12月 05, 2021 2:16:53 上午 io.gapi.emulators.netty.HttpVersionRoutingHandler channelRead
信息: Detected HTTP/2 connection.
12月 05, 2021 2:17:20 上午 io.gapi.emulators.grpc.GrpcServer$3 operationComplete
信息: Adding handler(s) to newly registered Channel.
12月 05, 2021 2:17:20 上午 io.gapi.emulators.netty.HttpVersionRoutingHandler channelRead
信息: Detected HTTP/2 connection.
12月 05, 2021 2:24:52 上午 io.gapi.emulators.grpc.GrpcServer$3 operationComplete
信息: Adding handler(s) to newly registered Channel.
12月 05, 2021 2:24:52 上午 io.gapi.emulators.netty.HttpVersionRoutingHandler channelRead
信息: Detected HTTP/2 connection.
12月 05, 2021 2:25:13 上午 io.gapi.emulators.grpc.GrpcServer$3 operationComplete
信息: Adding handler(s) to newly registered Channel.
12月 05, 2021 2:25:13 上午 io.gapi.emulators.netty.HttpVersionRoutingHandler channelRead
信息: Detected HTTP/2 connection.
12月 05, 2021 2:32:15 上午 io.gapi.emulators.grpc.GrpcServer$3 operationComplete
信息: Adding handler(s) to newly registered Channel.
12月 05, 2021 2:32:15 上午 io.gapi.emulators.netty.HttpVersionRoutingHandler channelRead
信息: Detected HTTP/2 connection.
12月 05, 2021 2:32:40 上午 io.gapi.emulators.grpc.GrpcServer$3 operationComplete
信息: Adding handler(s) to newly registered Channel.
12月 05, 2021 2:32:40 上午 io.gapi.emulators.netty.HttpVersionRoutingHandler channelRead
信息: Detected HTTP/2 connection.
12月 05, 2021 2:34:36 上午 io.gapi.emulators.grpc.GrpcServer$3 operationComplete
信息: Adding handler(s) to newly registered Channel.
12月 05, 2021 2:34:36 上午 io.gapi.emulators.netty.HttpVersionRoutingHandler channelRead
信息: Detected HTTP/2 connection.
12月 05, 2021 2:34:55 上午 io.gapi.emulators.grpc.GrpcServer$3 operationComplete
信息: Adding handler(s) to newly registered Channel.
12月 05, 2021 2:34:55 上午 io.gapi.emulators.netty.HttpVersionRoutingHandler channelRead
信息: Detected HTTP/2 connection.
12月 05, 2021 2:36:19 上午 io.gapi.emulators.grpc.GrpcServer$3 operationComplete
信息: Adding handler(s) to newly registered Channel.
12月 05, 2021 2:36:19 上午 io.gapi.emulators.netty.HttpVersionRoutingHandler channelRead
信息: Detected HTTP/2 connection.
12月 05, 2021 2:36:33 上午 io.gapi.emulators.grpc.GrpcServer$3 operationComplete
信息: Adding handler(s) to newly registered Channel.
12月 05, 2021 2:36:33 上午 io.gapi.emulators.netty.HttpVersionRoutingHandler channelRead
信息: Detected HTTP/2 connection.
12月 05, 2021 2:37:23 上午 io.gapi.emulators.grpc.GrpcServer$3 operationComplete
信息: Adding handler(s) to newly registered Channel.
12月 05, 2021 2:37:23 上午 io.gapi.emulators.netty.HttpVersionRoutingHandler channelRead
信息: Detected HTTP/2 connection.
12月 05, 2021 2:37:36 上午 io.gapi.emulators.grpc.GrpcServer$3 operationComplete
信息: Adding handler(s) to newly registered Channel.
12月 05, 2021 2:37:36 上午 io.gapi.emulators.netty.HttpVersionRoutingHandler channelRead
信息: Detected HTTP/2 connection.
12月 05, 2021 2:46:58 上午 io.gapi.emulators.grpc.GrpcServer$3 operationComplete
信息: Adding handler(s) to newly registered Channel.
12月 05, 2021 2:46:58 上午 io.gapi.emulators.netty.HttpVersionRoutingHandler channelRead
信息: Detected HTTP/2 connection.
12月 05, 2021 2:47:23 上午 io.gapi.emulators.grpc.GrpcServer$3 operationComplete
信息: Adding handler(s) to newly registered Channel.
12月 05, 2021 2:47:23 上午 io.gapi.emulators.netty.HttpVersionRoutingHandler channelRead
信息: Detected HTTP/2 connection.
